# JRE version: Java(TM) SE Runtime Environment (8.0_241-b07) (build 1.8.0_241-b07)
# Java VM: Java HotSpot(TM) 64-Bit Server VM (25.241-b07 mixed mode windows-amd64 compressed oops)
Heap:
 PSYoungGen      total 107008K, used 93578K [0x00000000f5580000, 0x00000000ff680000, 0x0000000100000000)
  eden space 93696K, 86% used [0x00000000f5580000,0x00000000fa513780,0x00000000fb100000)
  from space 13312K, 90% used [0x00000000fb100000,0x00000000fbccf478,0x00000000fbe00000)
  to   space 14336K, 0% used [0x00000000fe880000,0x00000000fe880000,0x00000000ff680000)
 ParOldGen       total 175616K, used 17237K [0x00000000e0000000, 0x00000000eab80000, 0x00000000f5580000)
  object space 175616K, 9% used [0x00000000e0000000,0x00000000e10d5558,0x00000000eab80000)
 Metaspace       used 47561K, capacity 49012K, committed 49280K, reserved 1091584K
  class space    used 6566K, capacity 6971K, committed 7040K, reserved 1048576K
GC Heap History (10 events):
Event: 8.430 GC heap before
{Heap before GC invocations=5 (full 1):
 PSYoungGen      total 76288K, used 65536K [0x00000000f5580000, 0x00000000faa80000, 0x0000000100000000)
  eden space 65536K, 100% used [0x00000000f5580000,0x00000000f9580000,0x00000000f9580000)
  from space 10752K, 0% used [0x00000000f9580000,0x00000000f9580000,0x00000000fa000000)
  to   space 10752K, 0% used [0x00000000fa000000,0x00000000fa000000,0x00000000faa80000)
 ParOldGen       total 175104K, used 12195K [0x00000000e0000000, 0x00000000eab00000, 0x00000000f5580000)
  object space 175104K, 6% used [0x00000000e0000000,0x00000000e0be8e10,0x00000000eab00000)
 Metaspace       used 27889K, capacity 28492K, committed 28800K, reserved 1073152K
  class space    used 3889K, capacity 4119K, committed 4224K, reserved 1048576K
Event: 8.440 GC heap after
Heap after GC invocations=5 (full 1):
 PSYoungGen      total 76288K, used 7953K [0x00000000f5580000, 0x00000000fc480000, 0x0000000100000000)
  eden space 65536K, 0% used [0x00000000f5580000,0x00000000f5580000,0x00000000f9580000)
  from space 10752K, 73% used [0x00000000fa000000,0x00000000fa7c4468,0x00000000faa80000)
  to   space 10752K, 0% used [0x00000000f9580000,0x00000000f9580000,0x00000000fa000000)
 ParOldGen       total 175104K, used 12203K [0x00000000e0000000, 0x00000000eab00000, 0x00000000f5580000)
  object space 175104K, 6% used [0x00000000e0000000,0x00000000e0beae10,0x00000000eab00000)
 Metaspace       used 27889K, capacity 28492K, committed 28800K, reserved 1073152K
  class space    used 3889K, capacity 4119K, committed 4224K, reserved 1048576K
}
Event: 9.242 GC heap before
{Heap before GC invocations=6 (full 1):
 PSYoungGen      total 76288K, used 73489K [0x00000000f5580000, 0x00000000fc480000, 0x0000000100000000)
  eden space 65536K, 100% used [0x00000000f5580000,0x00000000f9580000,0x00000000f9580000)
  from space 10752K, 73% used [0x00000000fa000000,0x00000000fa7c4468,0x00000000faa80000)
  to   space 10752K, 0% used [0x00000000f9580000,0x00000000f9580000,0x00000000fa000000)
 ParOldGen       total 175104K, used 12203K [0x00000000e0000000, 0x00000000eab00000, 0x00000000f5580000)
  object space 175104K, 6% used [0x00000000e0000000,0x00000000e0beae10,0x00000000eab00000)
 Metaspace       used 31365K, capacity 32032K, committed 32384K, reserved 1077248K
  class space    used 4388K, capacity 4614K, committed 4736K, reserved 1048576K
Event: 9.252 GC heap after
Heap after GC invocations=6 (full 1):
 PSYoungGen      total 76288K, used 9332K [0x00000000f5580000, 0x00000000fcb00000, 0x0000000100000000)
  eden space 65536K, 0% used [0x00000000f5580000,0x00000000f5580000,0x00000000f9580000)
  from space 10752K, 86% used [0x00000000f9580000,0x00000000f9e9d0e8,0x00000000fa000000)
  to   space 13312K, 0% used [0x00000000fbe00000,0x00000000fbe00000,0x00000000fcb00000)
 ParOldGen       total 175104K, used 12211K [0x00000000e0000000, 0x00000000eab00000, 0x00000000f5580000)
  object space 175104K, 6% used [0x00000000e0000000,0x00000000e0bece10,0x00000000eab00000)
 Metaspace       used 31365K, capacity 32032K, committed 32384K, reserved 1077248K
  class space    used 4388K, capacity 4614K, committed 4736K, reserved 1048576K
}
Event: 10.079 GC heap before
{Heap before GC invocations=7 (full 1):
 PSYoungGen      total 76288K, used 67254K [0x00000000f5580000, 0x00000000fcb00000, 0x0000000100000000)
  eden space 65536K, 88% used [0x00000000f5580000,0x00000000f8e10a70,0x00000000f9580000)
  from space 10752K, 86% used [0x00000000f9580000,0x00000000f9e9d0e8,0x00000000fa000000)
  to   space 13312K, 0% used [0x00000000fbe00000,0x00000000fbe00000,0x00000000fcb00000)
 ParOldGen       total 175104K, used 12211K [0x00000000e0000000, 0x00000000eab00000, 0x00000000f5580000)
  object space 175104K, 6% used [0x00000000e0000000,0x00000000e0bece10,0x00000000eab00000)
 Metaspace       used 34561K, capacity 35366K, committed 35496K, reserved 1079296K
  class space    used 4853K, capacity 5109K, committed 5120K, reserved 1048576K
Event: 10.099 GC heap after
Heap after GC invocations=7 (full 1):
 PSYoungGen      total 107008K, used 10503K [0x00000000f5580000, 0x00000000fd080000, 0x0000000100000000)
  eden space 93696K, 0% used [0x00000000f5580000,0x00000000f5580000,0x00000000fb100000)
  from space 13312K, 78% used [0x00000000fbe00000,0x00000000fc841fc8,0x00000000fcb00000)
  to   space 13312K, 0% used [0x00000000fb100000,0x00000000fb100000,0x00000000fbe00000)
 ParOldGen       total 175104K, used 12219K [0x00000000e0000000, 0x00000000eab00000, 0x00000000f5580000)
  object space 175104K, 6% used [0x00000000e0000000,0x00000000e0beee10,0x00000000eab00000)
 Metaspace       used 34561K, capacity 35366K, committed 35496K, reserved 1079296K
  class space    used 4853K, capacity 5109K, committed 5120K, reserved 1048576K
}
Event: 10.099 GC heap before
{Heap before GC invocations=8 (full 2):
 PSYoungGen      total 107008K, used 10503K [0x00000000f5580000, 0x00000000fd080000, 0x0000000100000000)
  eden space 93696K, 0% used [0x00000000f5580000,0x00000000f5580000,0x00000000fb100000)
  from space 13312K, 78% used [0x00000000fbe00000,0x00000000fc841fc8,0x00000000fcb00000)
  to   space 13312K, 0% used [0x00000000fb100000,0x00000000fb100000,0x00000000fbe00000)
 ParOldGen       total 175104K, used 12219K [0x00000000e0000000, 0x00000000eab00000, 0x00000000f5580000)
  object space 175104K, 6% used [0x00000000e0000000,0x00000000e0beee10,0x00000000eab00000)
 Metaspace       used 34561K, capacity 35366K, committed 35496K, reserved 1079296K
  class space    used 4853K, capacity 5109K, committed 5120K, reserved 1048576K
Event: 10.202 GC heap after
Heap after GC invocations=8 (full 2):
 PSYoungGen      total 107008K, used 0K [0x00000000f5580000, 0x00000000fd080000, 0x0000000100000000)
  eden space 93696K, 0% used [0x00000000f5580000,0x00000000f5580000,0x00000000fb100000)
  from space 13312K, 0% used [0x00000000fbe00000,0x00000000fbe00000,0x00000000fcb00000)
  to   space 13312K, 0% used [0x00000000fb100000,0x00000000fb100000,0x00000000fbe00000)
 ParOldGen       total 175616K, used 17229K [0x00000000e0000000, 0x00000000eab80000, 0x00000000f5580000)
  object space 175616K, 9% used [0x00000000e0000000,0x00000000e10d3558,0x00000000eab80000)
 Metaspace       used 34561K, capacity 35366K, committed 35496K, reserved 1079296K
  class space    used 4853K, capacity 5109K, committed 5120K, reserved 1048576K
}
Event: 12.097 GC heap before
{Heap before GC invocations=9 (full 2):
 PSYoungGen      total 107008K, used 93696K [0x00000000f5580000, 0x00000000fd080000, 0x0000000100000000)
  eden space 93696K, 100% used [0x00000000f5580000,0x00000000fb100000,0x00000000fb100000)
  from space 13312K, 0% used [0x00000000fbe00000,0x00000000fbe00000,0x00000000fcb00000)
  to   space 13312K, 0% used [0x00000000fb100000,0x00000000fb100000,0x00000000fbe00000)
 ParOldGen       total 175616K, used 17229K [0x00000000e0000000, 0x00000000eab80000, 0x00000000f5580000)
  object space 175616K, 9% used [0x00000000e0000000,0x00000000e10d3558,0x00000000eab80000)
 Metaspace       used 43268K, capacity 44534K, committed 44800K, reserved 1087488K
  class space    used 5976K, capacity 6333K, committed 6400K, reserved 1048576K
Event: 12.119 GC heap after
Heap after GC invocations=9 (full 2):
 PSYoungGen      total 107008K, used 12093K [0x00000000f5580000, 0x00000000ff680000, 0x0000000100000000)
  eden space 93696K, 0% used [0x00000000f5580000,0x00000000f5580000,0x00000000fb100000)
  from space 13312K, 90% used [0x00000000fb100000,0x00000000fbccf478,0x00000000fbe00000)
  to   space 14336K, 0% used [0x00000000fe880000,0x00000000fe880000,0x00000000ff680000)
 ParOldGen       total 175616K, used 17237K [0x00000000e0000000, 0x00000000eab80000, 0x00000000f5580000)
  object space 175616K, 9% used [0x00000000e0000000,0x00000000e10d5558,0x00000000eab80000)
 Metaspace       used 43268K, capacity 44534K, committed 44800K, reserved 1087488K
  class space    used 5976K, capacity 6333K, committed 6400K, reserved 1048576K
}

