# JRE version: Java(TM) SE Runtime Environment (8.0_241-b07) (build 1.8.0_241-b07)
# Java VM: Java HotSpot(TM) 64-Bit Server VM (25.241-b07 mixed mode windows-amd64 compressed oops)
Heap:
 PSYoungGen      total 141824K, used 97672K [0x00000000f5580000, 0x00000000fff00000, 0x0000000100000000)
  eden space 109056K, 79% used [0x00000000f5580000,0x00000000fa9bafa8,0x00000000fc000000)
  from space 32768K, 34% used [0x00000000fc000000,0x00000000fcb273a8,0x00000000fe000000)
  to   space 31744K, 0% used [0x00000000fe000000,0x00000000fe000000,0x00000000fff00000)
 ParOldGen       total 185856K, used 124122K [0x00000000e0000000, 0x00000000eb580000, 0x00000000f5580000)
  object space 185856K, 66% used [0x00000000e0000000,0x00000000e7936a10,0x00000000eb580000)
 Metaspace       used 72195K, capacity 75122K, committed 75224K, reserved 1114112K
  class space    used 9742K, capacity 10412K, committed 10456K, reserved 1048576K
GC Heap History (10 events):
Event: 28.364 GC heap before
{Heap before GC invocations=16 (full 3):
 PSYoungGen      total 139776K, used 138116K [0x00000000f5580000, 0x0000000100000000, 0x0000000100000000)
  eden space 119296K, 99% used [0x00000000f5580000,0x00000000fc9524a0,0x00000000fca00000)
  from space 20480K, 95% used [0x00000000fec00000,0x00000000fff0ee30,0x0000000100000000)
  to   space 27648K, 0% used [0x00000000fca00000,0x00000000fca00000,0x00000000fe500000)
 ParOldGen       total 185856K, used 75184K [0x00000000e0000000, 0x00000000eb580000, 0x00000000f5580000)
  object space 185856K, 40% used [0x00000000e0000000,0x00000000e496c1a8,0x00000000eb580000)
 Metaspace       used 66925K, capacity 69410K, committed 69720K, reserved 1110016K
  class space    used 9156K, capacity 9734K, committed 9816K, reserved 1048576K
Event: 28.422 GC heap after
Heap after GC invocations=16 (full 3):
 PSYoungGen      total 145920K, used 26343K [0x00000000f5580000, 0x0000000100000000, 0x0000000100000000)
  eden space 119296K, 0% used [0x00000000f5580000,0x00000000f5580000,0x00000000fca00000)
  from space 26624K, 98% used [0x00000000fca00000,0x00000000fe3b9e80,0x00000000fe400000)
  to   space 28672K, 0% used [0x00000000fe400000,0x00000000fe400000,0x0000000100000000)
 ParOldGen       total 185856K, used 86097K [0x00000000e0000000, 0x00000000eb580000, 0x00000000f5580000)
  object space 185856K, 46% used [0x00000000e0000000,0x00000000e54144d8,0x00000000eb580000)
 Metaspace       used 66925K, capacity 69410K, committed 69720K, reserved 1110016K
  class space    used 9156K, capacity 9734K, committed 9816K, reserved 1048576K
}
Event: 28.809 GC heap before
{Heap before GC invocations=17 (full 3):
 PSYoungGen      total 145920K, used 141799K [0x00000000f5580000, 0x0000000100000000, 0x0000000100000000)
  eden space 119296K, 96% used [0x00000000f5580000,0x00000000fc6400a0,0x00000000fca00000)
  from space 26624K, 98% used [0x00000000fca00000,0x00000000fe3b9e80,0x00000000fe400000)
  to   space 28672K, 0% used [0x00000000fe400000,0x00000000fe400000,0x0000000100000000)
 ParOldGen       total 185856K, used 86097K [0x00000000e0000000, 0x00000000eb580000, 0x00000000f5580000)
  object space 185856K, 46% used [0x00000000e0000000,0x00000000e54144d8,0x00000000eb580000)
 Metaspace       used 66957K, capacity 69410K, committed 69720K, reserved 1110016K
  class space    used 9156K, capacity 9734K, committed 9816K, reserved 1048576K
Event: 28.853 GC heap after
Heap after GC invocations=17 (full 3):
 PSYoungGen      total 136704K, used 27238K [0x00000000f5580000, 0x0000000100000000, 0x0000000100000000)
  eden space 108032K, 0% used [0x00000000f5580000,0x00000000f5580000,0x00000000fbf00000)
  from space 28672K, 95% used [0x00000000fe400000,0x00000000ffe99b50,0x0000000100000000)
  to   space 33280K, 0% used [0x00000000fbf00000,0x00000000fbf00000,0x00000000fdf80000)
 ParOldGen       total 185856K, used 95985K [0x00000000e0000000, 0x00000000eb580000, 0x00000000f5580000)
  object space 185856K, 51% used [0x00000000e0000000,0x00000000e5dbc510,0x00000000eb580000)
 Metaspace       used 66957K, capacity 69410K, committed 69720K, reserved 1110016K
  class space    used 9156K, capacity 9734K, committed 9816K, reserved 1048576K
}
Event: 33.508 GC heap before
{Heap before GC invocations=18 (full 3):
 PSYoungGen      total 136704K, used 135270K [0x00000000f5580000, 0x0000000100000000, 0x0000000100000000)
  eden space 108032K, 100% used [0x00000000f5580000,0x00000000fbf00000,0x00000000fbf00000)
  from space 28672K, 95% used [0x00000000fe400000,0x00000000ffe99b50,0x0000000100000000)
  to   space 33280K, 0% used [0x00000000fbf00000,0x00000000fbf00000,0x00000000fdf80000)
 ParOldGen       total 185856K, used 95993K [0x00000000e0000000, 0x00000000eb580000, 0x00000000f5580000)
  object space 185856K, 51% used [0x00000000e0000000,0x00000000e5dbe520,0x00000000eb580000)
 Metaspace       used 68704K, capacity 71330K, committed 71512K, reserved 1110016K
  class space    used 9383K, capacity 9992K, committed 10072K, reserved 1048576K
Event: 33.533 GC heap after
Heap after GC invocations=18 (full 3):
 PSYoungGen      total 141312K, used 16318K [0x00000000f5580000, 0x0000000100000000, 0x0000000100000000)
  eden space 108032K, 0% used [0x00000000f5580000,0x00000000f5580000,0x00000000fbf00000)
  from space 33280K, 49% used [0x00000000fbf00000,0x00000000fceefbb8,0x00000000fdf80000)
  to   space 31744K, 0% used [0x00000000fe100000,0x00000000fe100000,0x0000000100000000)
 ParOldGen       total 185856K, used 106722K [0x00000000e0000000, 0x00000000eb580000, 0x00000000f5580000)
  object space 185856K, 57% used [0x00000000e0000000,0x00000000e6838b70,0x00000000eb580000)
 Metaspace       used 68704K, capacity 71330K, committed 71512K, reserved 1110016K
  class space    used 9383K, capacity 9992K, committed 10072K, reserved 1048576K
}
Event: 34.544 GC heap before
{Heap before GC invocations=19 (full 3):
 PSYoungGen      total 141312K, used 124350K [0x00000000f5580000, 0x0000000100000000, 0x0000000100000000)
  eden space 108032K, 100% used [0x00000000f5580000,0x00000000fbf00000,0x00000000fbf00000)
  from space 33280K, 49% used [0x00000000fbf00000,0x00000000fceefbb8,0x00000000fdf80000)
  to   space 31744K, 0% used [0x00000000fe100000,0x00000000fe100000,0x0000000100000000)
 ParOldGen       total 185856K, used 106726K [0x00000000e0000000, 0x00000000eb580000, 0x00000000f5580000)
  object space 185856K, 57% used [0x00000000e0000000,0x00000000e6839ad0,0x00000000eb580000)
 Metaspace       used 68716K, capacity 71330K, committed 71512K, reserved 1110016K
  class space    used 9384K, capacity 9992K, committed 10072K, reserved 1048576K
Event: 34.566 GC heap after
Heap after GC invocations=19 (full 3):
 PSYoungGen      total 140800K, used 2693K [0x00000000f5580000, 0x0000000100000000, 0x0000000100000000)
  eden space 109056K, 0% used [0x00000000f5580000,0x00000000f5580000,0x00000000fc000000)
  from space 31744K, 8% used [0x00000000fe100000,0x00000000fe3a1488,0x0000000100000000)
  to   space 32768K, 0% used [0x00000000fc000000,0x00000000fc000000,0x00000000fe000000)
 ParOldGen       total 185856K, used 121915K [0x00000000e0000000, 0x00000000eb580000, 0x00000000f5580000)
  object space 185856K, 65% used [0x00000000e0000000,0x00000000e770ee68,0x00000000eb580000)
 Metaspace       used 68716K, capacity 71330K, committed 71512K, reserved 1110016K
  class space    used 9384K, capacity 9992K, committed 10072K, reserved 1048576K
}
Event: 39.639 GC heap before
{Heap before GC invocations=20 (full 3):
 PSYoungGen      total 140800K, used 111749K [0x00000000f5580000, 0x0000000100000000, 0x0000000100000000)
  eden space 109056K, 100% used [0x00000000f5580000,0x00000000fc000000,0x00000000fc000000)
  from space 31744K, 8% used [0x00000000fe100000,0x00000000fe3a1488,0x0000000100000000)
  to   space 32768K, 0% used [0x00000000fc000000,0x00000000fc000000,0x00000000fe000000)
 ParOldGen       total 185856K, used 121915K [0x00000000e0000000, 0x00000000eb580000, 0x00000000f5580000)
  object space 185856K, 65% used [0x00000000e0000000,0x00000000e770ee68,0x00000000eb580000)
 Metaspace       used 70536K, capacity 73320K, committed 73432K, reserved 1112064K
  class space    used 9580K, capacity 10169K, committed 10200K, reserved 1048576K
Event: 39.656 GC heap after
Heap after GC invocations=20 (full 3):
 PSYoungGen      total 141824K, used 11420K [0x00000000f5580000, 0x00000000fff00000, 0x0000000100000000)
  eden space 109056K, 0% used [0x00000000f5580000,0x00000000f5580000,0x00000000fc000000)
  from space 32768K, 34% used [0x00000000fc000000,0x00000000fcb273a8,0x00000000fe000000)
  to   space 31744K, 0% used [0x00000000fe000000,0x00000000fe000000,0x00000000fff00000)
 ParOldGen       total 185856K, used 124122K [0x00000000e0000000, 0x00000000eb580000, 0x00000000f5580000)
  object space 185856K, 66% used [0x00000000e0000000,0x00000000e7936a10,0x00000000eb580000)
 Metaspace       used 70536K, capacity 73320K, committed 73432K, reserved 1112064K
  class space    used 9580K, capacity 10169K, committed 10200K, reserved 1048576K
}

