# JRE version: Java(TM) SE Runtime Environment (8.0_241-b07) (build 1.8.0_241-b07)
# Java VM: Java HotSpot(TM) 64-Bit Server VM (25.241-b07 mixed mode windows-amd64 compressed oops)
Heap:
 PSYoungGen      total 124416K, used 66026K [0x00000000f5580000, 0x0000000100000000, 0x0000000100000000)
  eden space 74240K, 53% used [0x00000000f5580000,0x00000000f7c4a2a8,0x00000000f9e00000)
  from space 50176K, 52% used [0x00000000f9e00000,0x00000000fb7b0628,0x00000000fcf00000)
  to   space 49152K, 0% used [0x00000000fd000000,0x00000000fd000000,0x0000000100000000)
 ParOldGen       total 184320K, used 109504K [0x00000000e0000000, 0x00000000eb400000, 0x00000000f5580000)
  object space 184320K, 59% used [0x00000000e0000000,0x00000000e6af0318,0x00000000eb400000)
 Metaspace       used 68398K, capacity 71504K, committed 71808K, reserved 1112064K
  class space    used 9346K, capacity 10045K, committed 10112K, reserved 1048576K
GC Heap History (10 events):
Event: 17.195 GC heap before
{Heap before GC invocations=14 (full 3):
 PSYoungGen      total 154624K, used 139836K [0x00000000f5580000, 0x0000000100000000, 0x0000000100000000)
  eden space 134144K, 95% used [0x00000000f5580000,0x00000000fd2488c8,0x00000000fd880000)
  from space 20480K, 58% used [0x00000000fec00000,0x00000000ff7c6a70,0x0000000100000000)
  to   space 19968K, 0% used [0x00000000fd880000,0x00000000fd880000,0x00000000fec00000)
 ParOldGen       total 184320K, used 34364K [0x00000000e0000000, 0x00000000eb400000, 0x00000000f5580000)
  object space 184320K, 18% used [0x00000000e0000000,0x00000000e218f030,0x00000000eb400000)
 Metaspace       used 67543K, capacity 70546K, committed 70656K, reserved 1110016K
  class space    used 9282K, capacity 9904K, committed 9984K, reserved 1048576K
Event: 17.226 GC heap after
Heap after GC invocations=14 (full 3):
 PSYoungGen      total 154112K, used 19959K [0x00000000f5580000, 0x0000000100000000, 0x0000000100000000)
  eden space 134144K, 0% used [0x00000000f5580000,0x00000000f5580000,0x00000000fd880000)
  from space 19968K, 99% used [0x00000000fd880000,0x00000000febfdee8,0x00000000fec00000)
  to   space 20480K, 0% used [0x00000000fec00000,0x00000000fec00000,0x0000000100000000)
 ParOldGen       total 184320K, used 36859K [0x00000000e0000000, 0x00000000eb400000, 0x00000000f5580000)
  object space 184320K, 19% used [0x00000000e0000000,0x00000000e23fefd0,0x00000000eb400000)
 Metaspace       used 67543K, capacity 70546K, committed 70656K, reserved 1110016K
  class space    used 9282K, capacity 9904K, committed 9984K, reserved 1048576K
}
Event: 17.407 GC heap before
{Heap before GC invocations=15 (full 3):
 PSYoungGen      total 154112K, used 147226K [0x00000000f5580000, 0x0000000100000000, 0x0000000100000000)
  eden space 134144K, 94% used [0x00000000f5580000,0x00000000fd1c8c08,0x00000000fd880000)
  from space 19968K, 99% used [0x00000000fd880000,0x00000000febfdee8,0x00000000fec00000)
  to   space 20480K, 0% used [0x00000000fec00000,0x00000000fec00000,0x0000000100000000)
 ParOldGen       total 184320K, used 36859K [0x00000000e0000000, 0x00000000eb400000, 0x00000000f5580000)
  object space 184320K, 19% used [0x00000000e0000000,0x00000000e23fefd0,0x00000000eb400000)
 Metaspace       used 67543K, capacity 70546K, committed 70656K, reserved 1110016K
  class space    used 9282K, capacity 9904K, committed 9984K, reserved 1048576K
Event: 17.438 GC heap after
Heap after GC invocations=15 (full 3):
 PSYoungGen      total 118272K, used 20473K [0x00000000f5580000, 0x0000000100000000, 0x0000000100000000)
  eden space 97792K, 0% used [0x00000000f5580000,0x00000000f5580000,0x00000000fb500000)
  from space 20480K, 99% used [0x00000000fec00000,0x00000000ffffe610,0x0000000100000000)
  to   space 38400K, 0% used [0x00000000fb500000,0x00000000fb500000,0x00000000fda80000)
 ParOldGen       total 184320K, used 72787K [0x00000000e0000000, 0x00000000eb400000, 0x00000000f5580000)
  object space 184320K, 39% used [0x00000000e0000000,0x00000000e4714da8,0x00000000eb400000)
 Metaspace       used 67543K, capacity 70546K, committed 70656K, reserved 1110016K
  class space    used 9282K, capacity 9904K, committed 9984K, reserved 1048576K
}
Event: 17.546 GC heap before
{Heap before GC invocations=16 (full 3):
 PSYoungGen      total 118272K, used 117807K [0x00000000f5580000, 0x0000000100000000, 0x0000000100000000)
  eden space 97792K, 99% used [0x00000000f5580000,0x00000000fb48d620,0x00000000fb500000)
  from space 20480K, 99% used [0x00000000fec00000,0x00000000ffffe610,0x0000000100000000)
  to   space 38400K, 0% used [0x00000000fb500000,0x00000000fb500000,0x00000000fda80000)
 ParOldGen       total 184320K, used 72787K [0x00000000e0000000, 0x00000000eb400000, 0x00000000f5580000)
  object space 184320K, 39% used [0x00000000e0000000,0x00000000e4714da8,0x00000000eb400000)
 Metaspace       used 67543K, capacity 70546K, committed 70656K, reserved 1110016K
  class space    used 9282K, capacity 9904K, committed 9984K, reserved 1048576K
Event: 17.567 GC heap after
Heap after GC invocations=16 (full 3):
 PSYoungGen      total 136192K, used 38388K [0x00000000f5580000, 0x0000000100000000, 0x0000000100000000)
  eden space 97792K, 0% used [0x00000000f5580000,0x00000000f5580000,0x00000000fb500000)
  from space 38400K, 99% used [0x00000000fb500000,0x00000000fda7d308,0x00000000fda80000)
  to   space 38400K, 0% used [0x00000000fda80000,0x00000000fda80000,0x0000000100000000)
 ParOldGen       total 184320K, used 85451K [0x00000000e0000000, 0x00000000eb400000, 0x00000000f5580000)
  object space 184320K, 46% used [0x00000000e0000000,0x00000000e5372fe8,0x00000000eb400000)
 Metaspace       used 67543K, capacity 70546K, committed 70656K, reserved 1110016K
  class space    used 9282K, capacity 9904K, committed 9984K, reserved 1048576K
}
Event: 17.870 GC heap before
{Heap before GC invocations=17 (full 3):
 PSYoungGen      total 136192K, used 136180K [0x00000000f5580000, 0x0000000100000000, 0x0000000100000000)
  eden space 97792K, 100% used [0x00000000f5580000,0x00000000fb500000,0x00000000fb500000)
  from space 38400K, 99% used [0x00000000fb500000,0x00000000fda7d308,0x00000000fda80000)
  to   space 38400K, 0% used [0x00000000fda80000,0x00000000fda80000,0x0000000100000000)
 ParOldGen       total 184320K, used 85451K [0x00000000e0000000, 0x00000000eb400000, 0x00000000f5580000)
  object space 184320K, 46% used [0x00000000e0000000,0x00000000e5372fe8,0x00000000eb400000)
 Metaspace       used 68270K, capacity 71370K, committed 71552K, reserved 1110016K
  class space    used 9341K, capacity 10044K, committed 10112K, reserved 1048576K
Event: 17.908 GC heap after
Heap after GC invocations=17 (full 3):
 PSYoungGen      total 112640K, used 31529K [0x00000000f5580000, 0x0000000100000000, 0x0000000100000000)
  eden space 74240K, 0% used [0x00000000f5580000,0x00000000f5580000,0x00000000f9e00000)
  from space 38400K, 82% used [0x00000000fda80000,0x00000000ff94a7b0,0x0000000100000000)
  to   space 50176K, 0% used [0x00000000f9e00000,0x00000000f9e00000,0x00000000fcf00000)
 ParOldGen       total 184320K, used 102929K [0x00000000e0000000, 0x00000000eb400000, 0x00000000f5580000)
  object space 184320K, 55% used [0x00000000e0000000,0x00000000e6484490,0x00000000eb400000)
 Metaspace       used 68270K, capacity 71370K, committed 71552K, reserved 1110016K
  class space    used 9341K, capacity 10044K, committed 10112K, reserved 1048576K
}
Event: 18.124 GC heap before
{Heap before GC invocations=18 (full 3):
 PSYoungGen      total 112640K, used 105769K [0x00000000f5580000, 0x0000000100000000, 0x0000000100000000)
  eden space 74240K, 100% used [0x00000000f5580000,0x00000000f9e00000,0x00000000f9e00000)
  from space 38400K, 82% used [0x00000000fda80000,0x00000000ff94a7b0,0x0000000100000000)
  to   space 50176K, 0% used [0x00000000f9e00000,0x00000000f9e00000,0x00000000fcf00000)
 ParOldGen       total 184320K, used 102929K [0x00000000e0000000, 0x00000000eb400000, 0x00000000f5580000)
  object space 184320K, 55% used [0x00000000e0000000,0x00000000e6484490,0x00000000eb400000)
 Metaspace       used 68287K, capacity 71370K, committed 71552K, reserved 1110016K
  class space    used 9341K, capacity 10044K, committed 10112K, reserved 1048576K
Event: 18.148 GC heap after
Heap after GC invocations=18 (full 3):
 PSYoungGen      total 124416K, used 26305K [0x00000000f5580000, 0x0000000100000000, 0x0000000100000000)
  eden space 74240K, 0% used [0x00000000f5580000,0x00000000f5580000,0x00000000f9e00000)
  from space 50176K, 52% used [0x00000000f9e00000,0x00000000fb7b0628,0x00000000fcf00000)
  to   space 49152K, 0% used [0x00000000fd000000,0x00000000fd000000,0x0000000100000000)
 ParOldGen       total 184320K, used 109504K [0x00000000e0000000, 0x00000000eb400000, 0x00000000f5580000)
  object space 184320K, 59% used [0x00000000e0000000,0x00000000e6af0318,0x00000000eb400000)
 Metaspace       used 68287K, capacity 71370K, committed 71552K, reserved 1110016K
  class space    used 9341K, capacity 10044K, committed 10112K, reserved 1048576K
}

